INFO: [VRFC 10-2263] Analyzing SystemVerilog file "D:/Xilinx/projects/RISC-V/RISC-V.srcs/sources_1/new/instruction_types.sv" into library xil_defaultlib
INFO: [VRFC 10-2263] Analyzing SystemVerilog file "D:/Xilinx/projects/RISC-V/RISC-V.srcs/sources_1/new/imm_gen.sv" into library xil_defaultlib
INFO: [VRFC 10-311] analyzing module imm_gen
INFO: [VRFC 10-2263] Analyzing SystemVerilog file "D:/Xilinx/projects/RISC-V/RISC-V.srcs/sources_1/new/alu.sv" into library xil_defaultlib
INFO: [VRFC 10-311] analyzing module alu
INFO: [VRFC 10-2263] Analyzing SystemVerilog file "D:/Xilinx/projects/RISC-V/RISC-V.srcs/sources_1/new/branch_gen.sv" into library xil_defaultlib
INFO: [VRFC 10-311] analyzing module branch_gen
INFO: [VRFC 10-2263] Analyzing SystemVerilog file "D:/Xilinx/projects/RISC-V/RISC-V.srcs/sources_1/new/control.sv" into library xil_defaultlib
INFO: [VRFC 10-311] analyzing module control
INFO: [VRFC 10-2263] Analyzing SystemVerilog file "D:/Xilinx/projects/RISC-V/RISC-V.srcs/sources_1/new/programcounter.sv" into library xil_defaultlib
INFO: [VRFC 10-311] analyzing module programcounter
INFO: [VRFC 10-2263] Analyzing SystemVerilog file "D:/Xilinx/projects/RISC-V/RISC-V.srcs/sources_1/new/ram.sv" into library xil_defaultlib
INFO: [VRFC 10-311] analyzing module ram
INFO: [VRFC 10-2263] Analyzing SystemVerilog file "D:/Xilinx/projects/RISC-V/RISC-V.srcs/sources_1/new/register.sv" into library xil_defaultlib
INFO: [VRFC 10-311] analyzing module register
INFO: [VRFC 10-2263] Analyzing SystemVerilog file "D:/Xilinx/projects/RISC-V/RISC-V.srcs/sources_1/new/core.sv" into library xil_defaultlib
INFO: [VRFC 10-311] analyzing module core
INFO: [VRFC 10-2263] Analyzing SystemVerilog file "D:/Xilinx/projects/RISC-V/RISC-V.srcs/sources_1/new/alu_tb.sv" into library xil_defaultlib
INFO: [VRFC 10-311] analyzing module alu_tb
INFO: [VRFC 10-2263] Analyzing SystemVerilog file "D:/Xilinx/projects/RISC-V/RISC-V.srcs/sources_1/new/instruction_gen.sv" into library xil_defaultlib
INFO: [VRFC 10-2263] Analyzing SystemVerilog file "D:/Xilinx/projects/RISC-V/RISC-V.srcs/sources_1/new/control_tb.sv" into library xil_defaultlib
INFO: [VRFC 10-311] analyzing module control_tb
INFO: [VRFC 10-2263] Analyzing SystemVerilog file "D:/Xilinx/projects/RISC-V/RISC-V.srcs/sources_1/new/programcounter_tb.sv" into library xil_defaultlib
INFO: [VRFC 10-311] analyzing module programcounter_tb
INFO: [VRFC 10-2263] Analyzing SystemVerilog file "D:/Xilinx/projects/RISC-V/RISC-V.srcs/sources_1/new/Top.sv" into library xil_defaultlib
INFO: [VRFC 10-2263] Analyzing SystemVerilog file "D:/Xilinx/projects/RISC-V/RISC-V.srcs/sources_1/new/ram_tb.sv" into library xil_defaultlib
INFO: [VRFC 10-311] analyzing module ram_tb
INFO: [VRFC 10-2263] Analyzing SystemVerilog file "D:/Xilinx/projects/RISC-V/RISC-V.srcs/sources_1/new/register_tb.sv" into library xil_defaultlib
INFO: [VRFC 10-311] analyzing module register_tb
INFO: [VRFC 10-2263] Analyzing SystemVerilog file "D:/Xilinx/projects/RISC-V/RISC-V.srcs/sources_1/new/core_tb.sv" into library xil_defaultlib
WARNING: [VRFC 10-3507] macro 'cycle' redefined [D:/Xilinx/projects/RISC-V/RISC-V.srcs/sources_1/new/core_tb.sv:25]
INFO: [VRFC 10-311] analyzing module core_tb
INFO: [VRFC 10-2263] Analyzing SystemVerilog file "D:/Xilinx/projects/RISC-V/RISC-V.srcs/sources_1/new/imm_gen_tb.sv" into library xil_defaultlib
WARNING: [VRFC 10-3507] macro 'cycle' redefined [D:/Xilinx/projects/RISC-V/RISC-V.srcs/sources_1/new/imm_gen_tb.sv:26]
INFO: [VRFC 10-311] analyzing module imm_gen_tb
INFO: [VRFC 10-2263] Analyzing SystemVerilog file "D:/Xilinx/projects/RISC-V/RISC-V.srcs/sources_1/new/branch_gen_tb.sv" into library xil_defaultlib
INFO: [VRFC 10-311] analyzing module branch_gen_tb
